<?xml version="1.0" encoding="UTF-8"?>
<testsuite xmlns:xsi="http://www.w3.org/2001/XMLSchema-instance" xsi:noNamespaceSchemaLocation="https://maven.apache.org/surefire/maven-surefire-plugin/xsd/surefire-test-report-3.0.xsd" version="3.0" name="com.tom.BerlinClockTest" time="0.143" tests="10" errors="0" skipped="0" failures="0">
  <properties>
    <property name="sun.desktop" value="windows"/>
    <property name="awt.toolkit" value="sun.awt.windows.WToolkit"/>
    <property name="file.encoding.pkg" value="sun.io"/>
    <property name="java.specification.version" value="1.8"/>
    <property name="sun.cpu.isalist" value="amd64"/>
    <property name="sun.jnu.encoding" value="Cp1250"/>
    <property name="java.class.path" value="D:\REPO\berlinClock\target\test-classes;D:\REPO\berlinClock\target\classes;C:\Users\Tomek\.m2\repository\org\junit\jupiter\junit-jupiter-api\5.7.0\junit-jupiter-api-5.7.0.jar;C:\Users\Tomek\.m2\repository\org\apiguardian\apiguardian-api\1.1.0\apiguardian-api-1.1.0.jar;C:\Users\Tomek\.m2\repository\org\opentest4j\opentest4j\1.2.0\opentest4j-1.2.0.jar;C:\Users\Tomek\.m2\repository\org\junit\platform\junit-platform-commons\1.7.0\junit-platform-commons-1.7.0.jar;C:\Users\Tomek\.m2\repository\org\junit\jupiter\junit-jupiter-engine\5.7.0\junit-jupiter-engine-5.7.0.jar;C:\Users\Tomek\.m2\repository\org\junit\platform\junit-platform-engine\1.7.0\junit-platform-engine-1.7.0.jar;C:\Users\Tomek\.m2\repository\org\junit\jupiter\junit-jupiter-params\5.7.0\junit-jupiter-params-5.7.0.jar;"/>
    <property name="java.vm.vendor" value="Oracle Corporation"/>
    <property name="sun.arch.data.model" value="64"/>
    <property name="user.variant" value=""/>
    <property name="java.vendor.url" value="http://java.oracle.com/"/>
    <property name="user.timezone" value="Europe/Belgrade"/>
    <property name="java.vm.specification.version" value="1.8"/>
    <property name="os.name" value="Windows 10"/>
    <property name="user.country" value="PL"/>
    <property name="sun.java.launcher" value="SUN_STANDARD"/>
    <property name="sun.boot.library.path" value="C:\Java\jdk1.8.0_241\jre\bin"/>
    <property name="sun.java.command" value="C:\Users\Tomek\AppData\Local\Temp\surefire2322213173698533452\surefirebooter8501174308967819739.jar C:\Users\Tomek\AppData\Local\Temp\surefire2322213173698533452 2020-09-27T01-09-32_218-jvmRun1 surefire4415193304928269068tmp surefire_04568098177194336948tmp"/>
    <property name="surefire.test.class.path" value="D:\REPO\berlinClock\target\test-classes;D:\REPO\berlinClock\target\classes;C:\Users\Tomek\.m2\repository\org\junit\jupiter\junit-jupiter-api\5.7.0\junit-jupiter-api-5.7.0.jar;C:\Users\Tomek\.m2\repository\org\apiguardian\apiguardian-api\1.1.0\apiguardian-api-1.1.0.jar;C:\Users\Tomek\.m2\repository\org\opentest4j\opentest4j\1.2.0\opentest4j-1.2.0.jar;C:\Users\Tomek\.m2\repository\org\junit\platform\junit-platform-commons\1.7.0\junit-platform-commons-1.7.0.jar;C:\Users\Tomek\.m2\repository\org\junit\jupiter\junit-jupiter-engine\5.7.0\junit-jupiter-engine-5.7.0.jar;C:\Users\Tomek\.m2\repository\org\junit\platform\junit-platform-engine\1.7.0\junit-platform-engine-1.7.0.jar;C:\Users\Tomek\.m2\repository\org\junit\jupiter\junit-jupiter-params\5.7.0\junit-jupiter-params-5.7.0.jar;"/>
    <property name="sun.cpu.endian" value="little"/>
    <property name="user.home" value="C:\Users\Tomek"/>
    <property name="user.language" value="pl"/>
    <property name="java.specification.vendor" value="Oracle Corporation"/>
    <property name="java.home" value="C:\Java\jdk1.8.0_241\jre"/>
    <property name="basedir" value="D:\REPO\berlinClock"/>
    <property name="file.separator" value="\"/>
    <property name="line.separator" value="&#10;"/>
    <property name="java.vm.specification.vendor" value="Oracle Corporation"/>
    <property name="java.specification.name" value="Java Platform API Specification"/>
    <property name="java.awt.graphicsenv" value="sun.awt.Win32GraphicsEnvironment"/>
    <property name="surefire.real.class.path" value="C:\Users\Tomek\AppData\Local\Temp\surefire2322213173698533452\surefirebooter8501174308967819739.jar"/>
    <property name="sun.boot.class.path" value="C:\Java\jdk1.8.0_241\jre\lib\resources.jar;C:\Java\jdk1.8.0_241\jre\lib\rt.jar;C:\Java\jdk1.8.0_241\jre\lib\sunrsasign.jar;C:\Java\jdk1.8.0_241\jre\lib\jsse.jar;C:\Java\jdk1.8.0_241\jre\lib\jce.jar;C:\Java\jdk1.8.0_241\jre\lib\charsets.jar;C:\Java\jdk1.8.0_241\jre\lib\jfr.jar;C:\Java\jdk1.8.0_241\jre\classes"/>
    <property name="user.script" value=""/>
    <property name="sun.management.compiler" value="HotSpot 64-Bit Tiered Compilers"/>
    <property name="java.runtime.version" value="1.8.0_241-b07"/>
    <property name="user.name" value="Tomek"/>
    <property name="path.separator" value=";"/>
    <property name="os.version" value="10.0"/>
    <property name="java.endorsed.dirs" value="C:\Java\jdk1.8.0_241\jre\lib\endorsed"/>
    <property name="java.runtime.name" value="Java(TM) SE Runtime Environment"/>
    <property name="file.encoding" value="Cp1250"/>
    <property name="java.vm.name" value="Java HotSpot(TM) 64-Bit Server VM"/>
    <property name="idea.version2020.1" value="true"/>
    <property name="localRepository" value="C:\Users\Tomek\.m2\repository"/>
    <property name="java.vendor.url.bug" value="http://bugreport.sun.com/bugreport/"/>
    <property name="java.io.tmpdir" value="C:\Users\Tomek\AppData\Local\Temp\"/>
    <property name="java.version" value="1.8.0_241"/>
    <property name="user.dir" value="D:\REPO\berlinClock"/>
    <property name="os.arch" value="amd64"/>
    <property name="java.vm.specification.name" value="Java Virtual Machine Specification"/>
    <property name="java.awt.printerjob" value="sun.awt.windows.WPrinterJob"/>
    <property name="sun.os.patch.level" value=""/>
    <property name="java.library.path" value="C:\Java\jdk1.8.0_241\jre\bin;C:\WINDOWS\Sun\Java\bin;C:\WINDOWS\system32;C:\WINDOWS;C:\Java\jdk1.8.0_241\bin;C:\Program Files (x86)\Common Files\Oracle\Java\javapath;C:\Program Files (x86)\Common Files\Intel\Shared Libraries\redist\intel64\compiler;C:\Windows\system32;C:\Windows;C:\Windows\System32\Wbem;C:\Windows\System32\WindowsPowerShell\v1.0\;C:\Windows\System32\OpenSSH\;C:\Program Files (x86)\Brackets\command;C:\Program Files (x86)\NVIDIA Corporation\PhysX\Common;C:\Program Files\dotnet\;C:\Program Files\Microsoft SQL Server\130\Tools\Binn\;C:\Program Files\Microsoft SQL Server\Client SDK\ODBC\170\Tools\Binn\;C:\WINDOWS\system32;C:\WINDOWS;C:\WINDOWS\System32\Wbem;C:\WINDOWS\System32\WindowsPowerShell\v1.0\;C:\WINDOWS\System32\OpenSSH\;C:\Java\apache-maven-3.6.2\bin;C:\Program Files\nodejs\;C:\Users\Tomek\AppData\Local\Microsoft\WindowsApps;C:\Java\jdk1.8.0_241\bin;C:\Users\Tomek\AppData\Local\Programs\Microsoft VS Code\bin;C:\Users\Tomek\AppData\Roaming\npm;."/>
    <property name="java.vm.info" value="mixed mode"/>
    <property name="java.vendor" value="Oracle Corporation"/>
    <property name="java.vm.version" value="25.241-b07"/>
    <property name="java.ext.dirs" value="C:\Java\jdk1.8.0_241\jre\lib\ext;C:\WINDOWS\Sun\Java\lib\ext"/>
    <property name="sun.io.unicode.encoding" value="UnicodeLittle"/>
    <property name="java.class.version" value="52.0"/>
  </properties>
  <testcase name="shouldThrowExceptionWhenGivenWrongTimeFormat(String)[1]" classname="com.tom.BerlinClockTest" time="0.049"/>
  <testcase name="shouldThrowExceptionWhenGivenWrongTimeFormat(String)[2]" classname="com.tom.BerlinClockTest" time="0.002"/>
  <testcase name="shouldThrowExceptionWhenGivenWrongTimeFormat(String)[3]" classname="com.tom.BerlinClockTest" time="0.001"/>
  <testcase name="shouldThrowExceptionWhenGivenWrongTimeFormat(String)[4]" classname="com.tom.BerlinClockTest" time="0.001"/>
  <testcase name="shouldThrowExceptionWhenGivenWrongTimeFormat(String)[5]" classname="com.tom.BerlinClockTest" time="0.001"/>
  <testcase name="shouldReturnValidString(String, String)[1]" classname="com.tom.BerlinClockTest" time="0.003"/>
  <testcase name="shouldReturnValidString(String, String)[2]" classname="com.tom.BerlinClockTest" time="0.001"/>
  <testcase name="shouldReturnValidString(String, String)[3]" classname="com.tom.BerlinClockTest" time="0.001"/>
  <testcase name="shouldReturnValidString(String, String)[4]" classname="com.tom.BerlinClockTest" time="0.001"/>
  <testcase name="shouldReturnValidString(String, String)[5]" classname="com.tom.BerlinClockTest" time="0.001"/>
</testsuite>